# JRE version: OpenJDK Runtime Environment (8.0_152-b06) (build 1.8.0_152-release-1136-b06)
# Java VM: OpenJDK 64-Bit Server VM (25.152-b06 mixed mode linux-amd64 compressed oops)
Heap:
 PSYoungGen      total 252928K, used 16353K [0x00000000e0000000, 0x00000000f0980000, 0x0000000100000000)
  eden space 236544K, 0% used [0x00000000e0000000,0x00000000e0000000,0x00000000ee700000)
  from space 16384K, 99% used [0x00000000ee980000,0x00000000ef9787f8,0x00000000ef980000)
  to   space 11776K, 0% used [0x00000000efe00000,0x00000000efe00000,0x00000000f0980000)
 ParOldGen       total 111616K, used 111387K [0x00000000a0000000, 0x00000000a6d00000, 0x00000000e0000000)
  object space 111616K, 99% used [0x00000000a0000000,0x00000000a6cc6fc8,0x00000000a6d00000)
 Metaspace       used 72889K, capacity 74570K, committed 74840K, reserved 1114112K
  class space    used 9623K, capacity 10044K, committed 10112K, reserved 1048576K
GC Heap History (10 events):
Event: 28.222 GC heap after
Heap after GC invocations=13 (full 2):
 PSYoungGen      total 137216K, used 11248K [0x00000000e0000000, 0x00000000ecb00000, 0x0000000100000000)
  eden space 125952K, 0% used [0x00000000e0000000,0x00000000e0000000,0x00000000e7b00000)
  from space 11264K, 99% used [0x00000000e7b00000,0x00000000e85fc0c8,0x00000000e8600000)
  to   space 13824K, 0% used [0x00000000ebd80000,0x00000000ebd80000,0x00000000ecb00000)
 ParOldGen       total 47104K, used 17326K [0x00000000a0000000, 0x00000000a2e00000, 0x00000000e0000000)
  object space 47104K, 36% used [0x00000000a0000000,0x00000000a10eba78,0x00000000a2e00000)
 Metaspace       used 41869K, capacity 42656K, committed 42840K, reserved 1085440K
  class space    used 5663K, capacity 5919K, committed 6016K, reserved 1048576K
}
Event: 35.701 GC heap before
{Heap before GC invocations=14 (full 2):
 PSYoungGen      total 137216K, used 137200K [0x00000000e0000000, 0x00000000ecb00000, 0x0000000100000000)
  eden space 125952K, 100% used [0x00000000e0000000,0x00000000e7b00000,0x00000000e7b00000)
  from space 11264K, 99% used [0x00000000e7b00000,0x00000000e85fc0c8,0x00000000e8600000)
  to   space 13824K, 0% used [0x00000000ebd80000,0x00000000ebd80000,0x00000000ecb00000)
 ParOldGen       total 47104K, used 17326K [0x00000000a0000000, 0x00000000a2e00000, 0x00000000e0000000)
  object space 47104K, 36% used [0x00000000a0000000,0x00000000a10eba78,0x00000000a2e00000)
 Metaspace       used 53092K, capacity 54622K, committed 54744K, reserved 1095680K
  class space    used 7238K, capacity 7634K, committed 7680K, reserved 1048576K
Event: 35.758 GC heap after
Heap after GC invocations=14 (full 2):
 PSYoungGen      total 190976K, used 11604K [0x00000000e0000000, 0x00000000eca80000, 0x0000000100000000)
  eden space 177664K, 0% used [0x00000000e0000000,0x00000000e0000000,0x00000000ead80000)
  from space 13312K, 87% used [0x00000000ebd80000,0x00000000ec8d5110,0x00000000eca80000)
  to   space 14848K, 0% used [0x00000000ead80000,0x00000000ead80000,0x00000000ebc00000)
 ParOldGen       total 47104K, used 26851K [0x00000000a0000000, 0x00000000a2e00000, 0x00000000e0000000)
  object space 47104K, 57% used [0x00000000a0000000,0x00000000a1a38c10,0x00000000a2e00000)
 Metaspace       used 53092K, capacity 54622K, committed 54744K, reserved 1095680K
  class space    used 7238K, capacity 7634K, committed 7680K, reserved 1048576K
}
Event: 56.839 GC heap before
{Heap before GC invocations=15 (full 2):
 PSYoungGen      total 190976K, used 171132K [0x00000000e0000000, 0x00000000eca80000, 0x0000000100000000)
  eden space 177664K, 89% used [0x00000000e0000000,0x00000000e9bca0d8,0x00000000ead80000)
  from space 13312K, 87% used [0x00000000ebd80000,0x00000000ec8d5110,0x00000000eca80000)
  to   space 14848K, 0% used [0x00000000ead80000,0x00000000ead80000,0x00000000ebc00000)
 ParOldGen       total 47104K, used 26851K [0x00000000a0000000, 0x00000000a2e00000, 0x00000000e0000000)
  object space 47104K, 57% used [0x00000000a0000000,0x00000000a1a38c10,0x00000000a2e00000)
 Metaspace       used 57477K, capacity 58968K, committed 59028K, reserved 1099776K
  class space    used 7751K, capacity 8145K, committed 8192K, reserved 1048576K
Event: 56.885 GC heap after
Heap after GC invocations=15 (full 2):
 PSYoungGen      total 192512K, used 11319K [0x00000000e0000000, 0x00000000f0d80000, 0x0000000100000000)
  eden space 177664K, 0% used [0x00000000e0000000,0x00000000e0000000,0x00000000ead80000)
  from space 14848K, 76% used [0x00000000ead80000,0x00000000eb88dcc0,0x00000000ebc00000)
  to   space 15872K, 0% used [0x00000000efe00000,0x00000000efe00000,0x00000000f0d80000)
 ParOldGen       total 47104K, used 31675K [0x00000000a0000000, 0x00000000a2e00000, 0x00000000e0000000)
  object space 47104K, 67% used [0x00000000a0000000,0x00000000a1eeee60,0x00000000a2e00000)
 Metaspace       used 57477K, capacity 58968K, committed 59028K, reserved 1099776K
  class space    used 7751K, capacity 8145K, committed 8192K, reserved 1048576K
}
Event: 56.885 GC heap before
{Heap before GC invocations=16 (full 3):
 PSYoungGen      total 192512K, used 11319K [0x00000000e0000000, 0x00000000f0d80000, 0x0000000100000000)
  eden space 177664K, 0% used [0x00000000e0000000,0x00000000e0000000,0x00000000ead80000)
  from space 14848K, 76% used [0x00000000ead80000,0x00000000eb88dcc0,0x00000000ebc00000)
  to   space 15872K, 0% used [0x00000000efe00000,0x00000000efe00000,0x00000000f0d80000)
 ParOldGen       total 47104K, used 31675K [0x00000000a0000000, 0x00000000a2e00000, 0x00000000e0000000)
  object space 47104K, 67% used [0x00000000a0000000,0x00000000a1eeee60,0x00000000a2e00000)
 Metaspace       used 57477K, capacity 58968K, committed 59028K, reserved 1099776K
  class space    used 7751K, capacity 8145K, committed 8192K, reserved 1048576K
Event: 57.256 GC heap after
Heap after GC invocations=16 (full 3):
 PSYoungGen      total 192512K, used 0K [0x00000000e0000000, 0x00000000f0d80000, 0x0000000100000000)
  eden space 177664K, 0% used [0x00000000e0000000,0x00000000e0000000,0x00000000ead80000)
  from space 14848K, 0% used [0x00000000ead80000,0x00000000ead80000,0x00000000ebc00000)
  to   space 15872K, 0% used [0x00000000efe00000,0x00000000efe00000,0x00000000f0d80000)
 ParOldGen       total 80896K, used 38180K [0x00000000a0000000, 0x00000000a4f00000, 0x00000000e0000000)
  object space 80896K, 47% used [0x00000000a0000000,0x00000000a25493f8,0x00000000a4f00000)
 Metaspace       used 57477K, capacity 58968K, committed 59028K, reserved 1099776K
  class space    used 7751K, capacity 8145K, committed 8192K, reserved 1048576K
}
Event: 84.823 GC heap before
{Heap before GC invocations=17 (full 3):
 PSYoungGen      total 192512K, used 177664K [0x00000000e0000000, 0x00000000f0d80000, 0x0000000100000000)
  eden space 177664K, 100% used [0x00000000e0000000,0x00000000ead80000,0x00000000ead80000)
  from space 14848K, 0% used [0x00000000ead80000,0x00000000ead80000,0x00000000ebc00000)
  to   space 15872K, 0% used [0x00000000efe00000,0x00000000efe00000,0x00000000f0d80000)
 ParOldGen       total 80896K, used 38180K [0x00000000a0000000, 0x00000000a4f00000, 0x00000000e0000000)
  object space 80896K, 47% used [0x00000000a0000000,0x00000000a25493f8,0x00000000a4f00000)
 Metaspace       used 66167K, capacity 67876K, committed 68056K, reserved 1107968K
  class space    used 8940K, capacity 9371K, committed 9472K, reserved 1048576K
Event: 84.862 GC heap after
Heap after GC invocations=17 (full 3):
 PSYoungGen      total 248320K, used 11350K [0x00000000e0000000, 0x00000000f0980000, 0x0000000100000000)
  eden space 236544K, 0% used [0x00000000e0000000,0x00000000e0000000,0x00000000ee700000)
  from space 11776K, 96% used [0x00000000efe00000,0x00000000f0915908,0x00000000f0980000)
  to   space 16384K, 0% used [0x00000000ee980000,0x00000000ee980000,0x00000000ef980000)
 ParOldGen       total 80896K, used 38188K [0x00000000a0000000, 0x00000000a4f00000, 0x00000000e0000000)
  object space 80896K, 47% used [0x00000000a0000000,0x00000000a254b3f8,0x00000000a4f00000)
 Metaspace       used 66167K, capacity 67876K, committed 68056K, reserved 1107968K
  class space    used 8940K, capacity 9371K, committed 9472K, reserved 1048576K
}
Event: 90.902 GC heap before
{Heap before GC invocations=18 (full 3):
 PSYoungGen      total 248320K, used 247894K [0x00000000e0000000, 0x00000000f0980000, 0x0000000100000000)
  eden space 236544K, 100% used [0x00000000e0000000,0x00000000ee700000,0x00000000ee700000)
  from space 11776K, 96% used [0x00000000efe00000,0x00000000f0915908,0x00000000f0980000)
  to   space 16384K, 0% used [0x00000000ee980000,0x00000000ee980000,0x00000000ef980000)
 ParOldGen       total 80896K, used 38188K [0x00000000a0000000, 0x00000000a4f00000, 0x00000000e0000000)
  object space 80896K, 47% used [0x00000000a0000000,0x00000000a254b3f8,0x00000000a4f00000)
 Metaspace       used 72889K, capacity 74570K, committed 74840K, reserved 1114112K
  class space    used 9623K, capacity 10044K, committed 10112K, reserved 1048576K

